6c0c
2d9e
e180
0000
0000
0000
0000
0000
ffff
fffc
e000
0030
9cff
88fe
24fe
2880
24e7
8d7f
6c01
2d80
8d7e
ad7e
7000
3206
b200
7c11
3f8a
ff80
8d7d
6c00
2d8a
ad80
b17d
0d8c
8d7c
6c00
2d82
8d7b
6c00
2d87
ad80
b17b
7c11
3f96
ff80
8d7a
ad7c
b17a
0d8c
8d79
ad79
8d78
ad78
8d77
6c00
2d81
8d76
6c00
2d8a
8d75
ad7f
b175
0233
c001
c303
6c01
2d87
e180
6c00
2d80
8d76
ad76
7000
3200
0233
c001
c303
6c01
2dad
e180
6c00
2d80
8d74
ad74
7000
3207
8e00
6c00
2d86
ad80
8d73
6c00
2d86
ad80
7000
3201
0d8c
7000
3206
8e00
6c00
2d80
8d72
ad72
040a
bd01
a900
2482
e380
6c00
2d81
8d71
6c00
2d87
ad80
b171
0dac
8d70
ad70
7000
3200
0233
c001
c303
6c02
2d95
e180
ad77
b180
916f
6c00
2d88
8d6e
ad7f
b16e
7c11
3fac
ff80
8d6d
ad6f
b16d
0d9c
8d6c
ad77
b16c
9180
6c02
2d98
e180
ad77
b17f
9180
6c00
2d87
ad80
8d6b
6c00
2d87
ad80
7000
3201
0d8c
7000
3207
8e00
6c00
2d81
8d6a
6c00
2da8
8d69
6c00
2d87
ad80
b169
0233
c681
c303
6c02
2db8
e180
6c00
2d80
8d6a
ad6a
7000
3200
0233
c001
c303
6c03
2d95
e180
6c00
2d80
8d68
ad68
7000
3207
8e00
6c00
2d86
ad80
8d67
6c00
2d86
ad80
7000
3201
0d8c
7000
3206
8e00
6c00
2d80
040a
bd01
a900
2482
e380
9cff
88fe
24fe
2880
24f5
8d7f
6c00
2d8a
8d7e
ad7f
b17e
7c11
3fa2
ff80
8d7d
ad7d
8d7c
6c00
2d8a
8d7b
ad7f
b17b
7c11
3f96
ff80
8d7a
ad7a
8d7f
6c00
2d81
8d79
6c00
2d80
8d78
ad7f
b178
0233
c281
c303
6c04
2d89
e180
6c00
2d80
8d79
ad79
7000
3200
0233
c001
c303
6c04
2d97
e180
ad7f
7c03
3f9c
ff80
8d77
6c00
2d8b
ad80
b17c
0d8c
8d76
ad76
7c00
3f8c
ff80
8d75
6c00
2d80
040a
bd01
a900
2482
e380
9cff
88fe
24fe
2880
24f7
8d7f
6c00
2d81
8d7e
ad7f
b17e
0dac
8d7d
ad7d
7000
3200
0233
c001
c303
6c05
2d97
e180
ad7f
b17f
0d8c
8d7c
ad7c
b17f
0d8c
8d7b
6c00
2d81
8d7a
ad7b
b17a
0d8c
8d79
ad79
040a
bd01
a900
2482
e380
6c05
2da6
e180
6c00
2d81
8d78
ad7f
b178
7c11
3fb9
ff80
8d77
ad77
040a
bd01
a900
2482
e380
6c00
2d80
040a
bd01
a900
2482
e380
9cff
88fe
24fe
2880
24d2
8d7f
ad7f
8d7e
6c00
2d80
8d7d
ad7d
8d7c
6c01
2d83
8d7b
ad7b
7c00
3f8c
ff80
8d7a
6c01
2daf
8d79
ad79
7c00
3f8c
ff80
8d78
6c01
2dac
8d77
ad77
7c00
3f8c
ff80
8d76
6c01
2dac
8d75
ad75
7c00
3f8c
ff80
8d74
6c01
2da1
8d73
ad73
7c00
3f8c
ff80
8d72
6c01
2db4
8d71
ad71
7c00
3f8c
ff80
8d70
6c01
2dba
8d6f
ad6f
7c00
3f8c
ff80
8d6e
6c00
2dba
8d6d
ad6d
7c00
3f8c
ff80
8d6c
6c00
2d8a
8d6b
ad6b
7c00
3f8c
ff80
8d6a
6c00
2d81
8d69
6c00
2d81
8d68
ad7f
b168
0233
c281
c303
6c07
2d93
e180
6c00
2d80
8d69
ad69
7000
3200
0233
c001
c303
6c08
2d93
e180
ad7f
7c03
3f9c
ff80
8d67
6c00
2dac
8d66
ad66
7c00
3f8c
ff80
8d65
ad7f
7c04
3fa9
ff80
8d64
ad64
8d7f
6c00
2d81
8d63
ad7f
b17e
0233
c601
c303
6c07
2dbe
e180
6c00
2d80
8d63
ad63
7000
3200
0233
c001
c303
6c08
2d89
e180
ad7f
8d7e
6c00
2d81
8d62
ad7c
b162
0d8c
8d7c
6c07
2d82
e180
ad7f
7c03
3f9c
ff80
8d61
6c00
2d8a
8d60
ad60
7c00
3f8c
ff80
8d5f
6c00
2d8a
8d5e
ad5e
7c00
3f8c
ff80
8d5d
6c01
2d8d
8d5c
ad5c
7c00
3f8c
ff80
8d5b
6c01
2da1
8d5a
ad5a
7c00
3f8c
ff80
8d59
6c01
2db8
8d58
ad58
7c00
3f8c
ff80
8d57
6c00
2dba
8d56
ad56
7c00
3f8c
ff80
8d55
6c00
2da0
8d54
ad54
7c00
3f8c
ff80
8d53
ad7e
7c03
3f9c
ff80
8d52
6c00
2d80
040a
bd01
a900
2482
e380
9cff
88fe
24fe
2880
24eb
6c01
2da4
8d7f
6c00
2d83
8d7e
6c00
2d82
7000
3201
7c10
3f81
ff80
8d7d
ad7e
b17d
0d8c
8d7c
ad7c
b180
917b
ad7f
b17b
7c11
3f8a
ff80
8d7a
6c00
2d8a
8d79
6c00
2d83
8d78
6c00
2d81
7000
3201
7c10
3f81
ff80
8d77
ad78
b177
0d8c
8d76
ad76
b180
9175
ad79
b175
7c11
3f8a
ff80
8d74
ad7a
b174
0d8c
8d73
6c00
2d83
8d72
6c00
2d80
7000
3201
7c10
3f81
ff80
8d71
ad72
b171
0d8c
8d70
ad70
b180
916f
ad73
b16f
0d8c
8d6e
ad6e
8d6d
ad6d
8d6c
ad6c
8d6b
ad6b
040a
bd01
a900
2482
e380
6c00
2d80
040a
bd01
a900
2482
e380
9cff
88fe
24fe
2880
24f7
6c00
2d80
8d7f
ad7f
7000
3207
8e00
6c00
2d80
8d7e
ad7e
7000
3206
8e00
6c00
2d80
8d7d
6c00
2d81
8d7c
6c00
2dbc
7001
3210
7c10
3f81
ff80
8d7b
ad7d
b17b
0233
c501
c303
6c0b
2db0
e180
6c00
2d80
8d7c
ad7c
7000
3200
0233
c001
c303
6c0c
2d89
e180
6c00
2d80
8d7a
ad7a
7c00
3f8c
ff80
8d79
ad7d
7000
3201
0d8c
8d7d
6c0b
2d9a
e180
6c00
2d80
8d78
ad78
7000
3207
8e00
6c00
2d80
8d77
ad77
7000
3206
8e00
6c00
2d80
040a
bd01
a900
2482
e380
667f
24bf
6a7f
293f
24e5
7c12
3f86
ff80
8d7f
6c00
2d89
ad80
8d7e
ad7e
8d7d
6c00
2d81
8d7c
ad7d
b17c
9180
6c00
2d88
ad80
8d7b
ad7b
8d7d
6c00
2d81
7000
3200
0233
c001
c303
6c0f
2dbe
e180
6c00
2d80
8d7a
6c00
2d80
8d79
6c00
2d81
7000
3200
0233
c001
c303
6c0e
2db5
e180
ad7d
b180
9178
ad78
8d77
ad77
8d7a
6c00
2d81
8d76
ad7a
7000
3200
0233
c281
c303
6c0d
2da9
e180
6c00
2d80
8d76
ad76
7000
3200
0233
c001
c303
6c0e
2db2
e180
ad7a
8d75
ad75
7c00
3f8c
ff80
8d74
6c00
2d83
8d73
ad79
7000
3201
7c10
3f81
ff80
8d72
ad73
b172
0d8c
8d71
ad7a
8d70
ad70
7000
320b
b200
0e33
8d6f
ad71
b16f
9180
ad79
7000
3201
0d8c
8d79
6c00
2d81
8d6e
ad79
7000
3203
0233
c001
c303
6c0e
2da6
e180
6c00
2d80
8d6e
ad6e
7000
3200
0233
c001
c303
6c0e
2db2
e180
6c0e
2db5
e180
6c0d
2d89
e180
7c09
3f9c
ff80
8d6d
ad6d
8d6c
6c00
2d8a
8d6b
ad6b
7c00
3f8c
ff80
8d6a
ad6c
7c05
3fad
ff80
8d69
6c00
2d81
7000
3200
0233
c001
c303
6c0f
2dbb
e180
ad7d
b180
9168
ad68
8d67
ad67
8d7a
6c00
2d81
8d66
ad7a
7000
3200
0233
c281
c303
6c0f
2da8
e180
6c00
2d80
8d66
ad66
7000
3200
0233
c001
c303
6c0f
2db8
e180
7c0b
3f84
ff80
8d65
6c0f
2dbb
e180
6c0f
2d88
e180
6c0c
2db9
e180
6c00
2d80
e070
94ff
98fe
7600
1808
01ad
c002
3b01
0db0
022d
c002
3b01
1230
3400
0033
c003
2dff
168c
c37b
3b7f
c281
16b0
0c0d
b4ff
b8fe
e380
94ff
98fe
7600
1808
01ad
c002
3b01
0db0
022d
c002
3b01
1230
1408
0233
c103
3681
0e33
c37b
3b7f
c281
16b0
0c0d
b4ff
b8fe
e380
94ff
98fe
7600
1808
01ad
c002
3b01
0db0
022d
c002
3b01
1230
1408
0233
c102
0e33
c37c
3b7f
c281
0db4
b4ff
b8fe
e380
94ff
98fe
3400
0033
c003
2dff
168c
c37b
0c0d
b4ff
b8fe
e380
94ff
98fe
1408
0233
c703
3681
0e33
c37b
0c0d
b4ff
b8fe
e380
94ff
98fe
1408
0233
c702
0e33
c37c
b4ff
b8fe
e380
94ff
7600
02ac
c002
1230
c30d
0034
c003
327f
0c4b
c37b
b4ff
e380
94ff
7600
02ac
c002
1230
c373
0034
c003
327f
0c6b
c37b
b4ff
e380
24ff
8880
6812
2916
703c
3200
7424
36b5
ad00
9180
2901
02b2
c2fb
a880
2481
e380
c84b
c853
c85b
c863
c873
c88b
c88d
c893
c895
c8ca
c8cd
c8d1
c8d2
c8d3
c8d4
c8d5
c8d6
c8da
c8dd
c8e2
c8e5
c8e9
c8ea
c8eb
c8ec
c8ed
c8ee
c8f2
c8f5
c90b
c912
c913
c914
c915
c919
c91b
c922
c923
c924
c92b
c92d
c931
c932
c933
c934
c949
c94a
c94e
c951
c952
c955
c95c
c963
c96a
c96d
c96e
c971
c975
c976
c98b
c98c
c992
c995
c99b
c99c
c9a3
c9a4
c9a6
c9aa
c9ad
c9b3
c9b4
c9b6
c9cc
c9d4
ca0c
ca13
ca1b
ca23
ca2b
ca34
ca4b
ca54
ca5c
ca64
ca6c
ca73
ca8b
ca8d
ca94
ca9b
ca9d
cad4
cadc
cae2
cae3
cae4
cae5
cae6
caec
caf4
cb2a
cb31
cb32
cb62
cb63
cb64
cb65
cbab
cbac
cbb3
cbb4
cbcd
cbd5
cbdc
cbe3
cbea
cbf2
cc0a
cc0b
cc0c
cc0d
cc12
cc15
cc1a
cc1d
cc22
cc25
cc2a
cc2d
cc32
cc33
cc34
cc35
cc4b
cc4c
cc54
cc5c
cc64
cc6c
cc73
cc74
cc75
cc8b
cc8c
cc92
cc95
cc9d
cca4
ccab
ccb2
ccb3
ccb4
ccb5
ccca
cccb
cccc
ccd5
ccda
ccdb
ccdc
cce5
cced
ccf2
ccf3
ccf4
cd0a
cd0d
cd12
cd15
cd1a
cd1b
cd1c
cd1d
cd25
cd2d
cd35
cd4a
cd4b
cd4c
cd4d
cd52
cd5a
cd5b
cd5c
cd65
cd6a
cd6d
cd73
cd74
cd8a
cd8b
cd8c
cd8d
cd92
cd9a
cd9b
cd9c
cd9d
cda2
cda5
cdaa
cdad
cdb2
cdb3
cdb4
cdb5
cdca
cdcb
cdcc
cdcd
cdd5
cddd
cde5
cded
cdf5
ce0b
ce0c
ce12
ce15
ce1b
ce1c
ce22
ce25
ce2a
ce2d
ce33
ce34
ce4a
ce4b
ce4c
ce4d
ce52
ce55
ce5a
ce5b
ce5c
ce5d
ce65
ce6d
ce75
ce94
ceac
ced4
ceec
cef3
cef4
cf15
cf16
cf1b
cf1c
cf21
cf22
cf2b
cf2c
cf35
cf36
cf5a
cf5b
cf5c
cf5d
cf6a
cf6b
cf6c
cf6d
cf91
cf92
cf9b
cf9c
cfa5
cfa6
cfab
cfac
cfb1
cfb2
cfcc
cfd3
cfd5
cfdd
cfe4
cff4
d011
d012
d013
d014
d015
d019
d01d
d021
d023
d024
d025
d029
d02b
d02d
d031
d033
d034
d035
d04b
d04c
d052
d055
d05a
d05d
d062
d063
d064
d065
d06a
d06d
d072
d075
d08a
d08b
d08c
d092
d095
d09a
d09b
d09c
d0a2
d0a5
d0aa
d0ad
d0b2
d0b3
d0b4
d0cb
d0cc
d0d2
d0d5
d0da
d0e2
d0ea
d0ed
d0f3
d0f4
d109
d10a
d10b
d111
d114
d119
d11c
d121
d124
d129
d12c
d131
d132
d133
d149
d14a
d14b
d151
d159
d15a
d161
d169
d171
d172
d173
d189
d18a
d18b
d18c
d191
d199
d19a
d19b
d1a1
d1a9
d1b1
d1ca
d1cb
d1cc
d1d1
d1d5
d1d9
d1e1
d1e3
d1e4
d1e9
d1ed
d1f2
d1f3
d1f4
d209
d20e
d211
d216
d219
d21a
d21b
d21c
d21d
d21e
d221
d226
d229
d22e
d231
d236
d24a
d24b
d24c
d253
d25b
d263
d26b
d272
d273
d274
d28b
d28c
d294
d29c
d2a4
d2aa
d2ac
d2b3
d2ca
d2cd
d2d2
d2d4
d2da
d2db
d2e2
d2e4
d2ea
d2ed
d2f2
d2f5
d309
d311
d319
d321
d329
d331
d332
d333
d349
d34d
d351
d352
d354
d355
d359
d35b
d35d
d361
d365
d369
d36d
d371
d375
d389
d38d
d391
d392
d395
d399
d39b
d39d
d3a1
d3a3
d3a5
d3a9
d3ac
d3ad
d3b1
d3b5
d3ca
d3cb
d3cc
d3d1
d3d5
d3d9
d3dd
d3e1
d3e5
d3e9
d3ed
d3f2
d3f3
d3f4
d40a
d40b
d40c
d412
d415
d41a
d41d
d422
d423
d424
d42a
d432
d44a
d44b
d44c
d451
d455
d459
d45d
d461
d465
d46a
d46b
d46c
d474
d475
d489
d48a
d48b
d491
d494
d499
d49c
d4a1
d4a2
d4a3
d4a9
d4ac
d4b1
d4b4
d4cb
d4cc
d4cd
d4d2
d4db
d4dc
d4e5
d4ea
d4ed
d4f3
d4f4
d509
d50a
d50b
d50c
d50d
d513
d51b
d523
d52b
d533
d54a
d54d
d552
d555
d55a
d55d
d562
d565
d56a
d56d
d573
d574
d589
d58d
d591
d595
d599
d59d
d5a2
d5a4
d5aa
d5ac
d5b3
d5c9
d5cd
d5d1
d5d5
d5d9
d5db
d5dd
d5e1
d5e3
d5e5
d5e9
d5eb
d5ed
d5f2
d5f4
d609
d60d
d612
d614
d61b
d623
d62a
d62c
d631
d635
d649
d64d
d652
d654
d65b
d663
d66b
d673
d689
d68a
d68b
d68c
d68d
d694
d69b
d6a3
d6aa
d6b1
d6b2
d6b3
d6b4
d6b5
d6cb
d6cc
d6d3
d6db
d6e3
d6eb
d6f3
d6f4
d709
d711
d71a
d723
d72c
d734
d74b
d74c
d754
d75c
d764
d76c
d773
d774
d78b
d792
d794
d7f1
d7f2
d7f3
d7f4
d7f5
d7f6
d809
d812
d81b
d852
d853
d854
d855
d85d
d862
d863
d864
d865
d86a
d86d
d872
d873
d874
d875
d88a
d892
d89a
d8a2
d8a3
d8a4
d8a5
d8aa
d8ad
d8b2
d8b3
d8b4
d8b5
d8da
d8db
d8dc
d8dd
d8e2
d8ea
d8f2
d8f3
d8f4
d8f5
d90d
d915
d91d
d922
d923
d924
d925
d92a
d92d
d932
d933
d934
d935
d952
d953
d954
d955
d95a
d95d
d962
d963
d964
d965
d96a
d972
d973
d974
d975
d98c
d993
d995
d99b
d9a2
d9a3
d9a4
d9ab
d9b3
d9d2
d9d3
d9d4
d9da
d9dc
d9e2
d9e3
d9e4
d9ec
d9f2
d9f3
d9f4
da0a
da12
da1a
da22
da23
da24
da2a
da2c
da32
da34
da4b
da5b
da63
da6b
da73
da8b
da9b
daa3
daa9
daab
dab2
daca
dad2
dada
dadc
dae2
dae3
daea
daec
daf2
daf4
db0b
db13
db1b
db23
db2b
db33
db5a
db5c
db61
db63
db65
db69
db6b
db6d
db71
db73
db75
db9a
db9c
dba2
dba3
dba5
dbaa
dbad
dbb2
dbb5
dbdb
dbdc
dbe2
dbe5
dbea
dbed
dbf3
dbf4
dc12
dc13
dc1a
dc1c
dc22
dc23
dc2a
dc32
dc53
dc54
dc5a
dc5c
dc63
dc64
dc6c
dc74
dc75
dc9a
dc9c
dca2
dca3
dca5
dcaa
dcb2
dcd3
dcd4
dcd5
dcda
dce3
dce4
dced
dcf2
dcf3
dcf4
dd0b
dd13
dd1a
dd1b
dd1c
dd23
dd2b
dd33
dd5a
dd5d
dd62
dd65
dd6a
dd6d
dd73
dd74
dd99
dd9d
dda2
dda4
ddaa
ddac
ddb3
ddd9
dddd
dde1
dde5
dde9
ddeb
dded
ddf2
ddf4
de1a
de1d
de23
de24
de2b
de2c
de32
de35
de52
de54
de5a
de5c
de62
de63
de64
de6c
de72
de73
de74
de9a
de9b
de9c
de9d
dea4
deab
deb2
deb3
deb4
deb5
decb
decc
ded3
deda
dedb
dee3
deeb
def3
def4
df0b
df13
df1b
df23
df2b
df33
df4a
df4b
df53
df5b
df5c
df63
df6b
df72
df73
df9b
df9d
dfa2
dfa4
a000
a001
a002
a003
a004
a005
a006
a007
a008
a009
a00a
a00b
a00c
a00d
a00e
a00f
a010
a011
a012
a013
a014
a015
a016
a017
a018
a019
a01a
a01b
a01c
a01d
a01e
a01f
a020
a021
a022
a023
a024
a025
a026
a027
a028
a029
a02a
a02b
a02c
a02d
a02e
a02f
a030
a031
a032
a033
a034
a035
a036
a037
a038
a039
a03a
a03b
a03c
a03d
a03e
a03f
a040
a041
a042
a043
a044
a045
a046
a047
a048
a049
a04a
a04b
a04c
a04d
a04e
a04f
a050
a051
a052
a053
a054
a055
a056
a057
a058
a059
a05a
a05b
a05c
a05d
a05e
a05f
a060
a061
a062
a063
a064
a065
a066
a067
a068
a069
a06a
a06b
a06c
a06d
a06e
a06f
a070
a071
a072
a073
a074
a075
a076
a077
a078
a079
a07a
a07b
a07c
a07d
a07e
a07f
a080
a081
a082
a083
a084
a085
a086
a087
a088
a089
a08a
a08b
a08c
a08d
a08e
a08f
a090
a091
a092
a093
a094
a095
a096
a097
a098
a099
a09a
a09b
a09c
a09d
a09e
a09f
a0a0
a0a1
a0a2
a0a3
a0a4
a0a5
a0a6
a0a7
a0a8
a0a9
a0aa
a0ab
a0ac
a0ad
a0ae
a0af
a0b0
a0b1
a0b2
a0b3
a0b4
a0b5
a0b6
a0b7
a0b8
a0b9
a0ba
a0bb
a0bc
a0bd
a0be
a0bf
a0c0
a0c1
a0c2
a0c3
a0c4
a0c5
a0c6
a0c7
a0c8
a0c9
a0ca
a0cb
a0cc
a0cd
a0ce
a0cf
a0d0
a0d1
a0d2
a0d3
a0d4
a0d5
a0d6
a0d7
a0d8
a0d9
a0da
a0db
a0dc
a0dd
a0de
a0df
a0e0
a0e1
a0e2
a0e3
a0e4
a0e5
a0e6
a0e7
a0e8
a0e9
a0ea
a0eb
a0ec
a0ed
a0ee
a0ef
a0f0
a0f1
a0f2
a0f3
a0f4
a0f5
a0f6
a0f7
a0f8
a0f9
a0fa
a0fb
a0fc
a0fd
a0fe
a0ff
